\BOOKMARK [0][-]{chapter.1}{\376\377\000P\000a\000y\000r\000o\000l\000l\000\040\000O\000b\000j\000e\000c\000t\000i\000v\000e\000s\000\040\000a\000n\000d\000\040\000D\000e\000f\000i\000n\000i\000t\000i\000o\000n\000s}{}% 1
\BOOKMARK [1][-]{section.1.1}{\376\377\000L\000e\000g\000i\000s\000l\000a\000t\000i\000o\000n\000\040\000v\000s\000.\000\040\000r\000e\000g\000u\000l\000a\000t\000i\000o\000n}{chapter.1}% 2
\BOOKMARK [1][-]{section.1.2}{\376\377\000P\000a\000y\000r\000o\000l\000l\000\040\000C\000o\000n\000t\000e\000n\000t\000\040\000K\000n\000o\000w\000l\000e\000d\000g\000e}{chapter.1}% 3
\BOOKMARK [1][-]{section.1.3}{\376\377\000T\000e\000c\000h\000n\000i\000c\000a\000l\000\040\000S\000k\000i\000l\000l\000s}{chapter.1}% 4
\BOOKMARK [1][-]{section.1.4}{\376\377\000P\000e\000r\000s\000o\000n\000a\000l\000\040\000a\000n\000d\000\040\000P\000r\000o\000f\000e\000s\000s\000i\000o\000n\000a\000l\000\040\000S\000k\000i\000l\000l\000s}{chapter.1}% 5
\BOOKMARK [1][-]{section.1.5}{\376\377\000B\000e\000h\000a\000v\000i\000o\000u\000r\000a\000l\000\040\000a\000n\000d\000\040\000E\000t\000h\000i\000c\000a\000l\000\040\000S\000t\000a\000n\000d\000a\000r\000d\000s}{chapter.1}% 6
\BOOKMARK [0][-]{chapter.2}{\376\377\000P\000a\000y\000r\000o\000l\000l\000\040\000S\000t\000a\000k\000e\000h\000o\000l\000d\000e\000r\000s}{}% 7
\BOOKMARK [1][-]{section.2.1}{\376\377\000P\000a\000y\000r\000o\000l\000l\000\040\000M\000a\000n\000a\000g\000e\000m\000e\000n\000t\000\040\000S\000t\000a\000k\000e\000h\000o\000l\000d\000e\000r\000s}{chapter.2}% 8
\BOOKMARK [1][-]{section.2.2}{\376\377\000G\000o\000v\000e\000r\000n\000m\000e\000n\000t\000\040\000S\000t\000a\000k\000e\000h\000o\000l\000d\000e\000r\000s}{chapter.2}% 9
\BOOKMARK [1][-]{section.2.3}{\376\377\000F\000e\000d\000e\000r\000a\000l\000\040\000G\000o\000v\000e\000r\000n\000m\000e\000n\000t}{chapter.2}% 10
\BOOKMARK [1][-]{section.2.4}{\376\377\000P\000r\000o\000v\000i\000n\000c\000i\000a\000l\000/\000T\000e\000r\000r\000i\000t\000o\000r\000i\000a\000l\000\040\000G\000o\000v\000e\000r\000n\000m\000e\000n\000t\000s}{chapter.2}% 11
\BOOKMARK [1][-]{section.2.5}{\376\377\000I\000n\000t\000e\000r\000n\000a\000l\000\040\000S\000t\000a\000k\000e\000h\000o\000l\000d\000e\000r\000s}{chapter.2}% 12
\BOOKMARK [1][-]{section.2.6}{\376\377\000E\000x\000t\000e\000r\000n\000a\000l\000\040\000S\000t\000a\000k\000e\000h\000o\000l\000d\000e\000r\000s}{chapter.2}% 13
\BOOKMARK [0][-]{chapter.3}{\376\377\000C\000o\000n\000t\000e\000n\000t\000\040\000R\000e\000v\000i\000e\000w}{}% 14
\BOOKMARK [0][-]{chapter.4}{\376\377\000R\000e\000v\000i\000e\000w\000\040\000Q\000u\000e\000s\000t\000i\000o\000n\000s}{}% 15
\BOOKMARK [0][-]{chapter.5}{\376\377\000P\000A\000Y\000R\000O\000L\000L\000\040\000C\000O\000M\000P\000L\000I\000A\000N\000C\000E}{}% 16
\BOOKMARK [1][-]{section.5.1}{\376\377\000T\000h\000e\000\040\000C\000a\000n\000a\000d\000a\000\040\000R\000e\000v\000e\000n\000u\000e\000\040\000A\000g\000e\000n\000c\000y}{chapter.5}% 17
\BOOKMARK [2][-]{subsection.5.1.1}{\376\377\000C\000a\000n\000a\000d\000a\000\040\000P\000e\000n\000s\000i\000o\000n\000\040\000P\000l\000a\000n\000\040\000\050\000C\000P\000P\000\051}{section.5.1}% 18
\BOOKMARK [2][-]{subsection.5.1.2}{\376\377\000E\000m\000p\000l\000o\000y\000m\000e\000n\000t\000\040\000I\000n\000s\000u\000r\000a\000n\000c\000e\000\040\000\050\000E\000I\000\051}{section.5.1}% 19
\BOOKMARK [2][-]{subsection.5.1.3}{\376\377\000I\000n\000c\000o\000m\000e\000\040\000T\000a\000x}{section.5.1}% 20
\BOOKMARK [1][-]{section.5.2}{\376\377\000N\000o\000n\000-\000C\000o\000m\000p\000l\000i\000a\000n\000c\000e\000\040\000P\000e\000n\000a\000l\000t\000i\000e\000s}{chapter.5}% 21
\BOOKMARK [1][-]{section.5.3}{\376\377\000E\000m\000p\000l\000o\000y\000m\000e\000n\000t\000\040\000a\000n\000d\000\040\000S\000o\000c\000i\000a\000l\000\040\000D\000e\000v\000e\000l\000o\000p\000m\000e\000n\000t\000\040\000C\000a\000n\000a\000d\000a\000\040\000\050\000E\000S\000D\000C\000\051}{chapter.5}% 22
\BOOKMARK [1][-]{section.5.4}{\376\377\000S\000e\000r\000v\000i\000c\000e\000\040\000C\000a\000n\000a\000d\000a}{chapter.5}% 23
\BOOKMARK [2][-]{subsection.5.4.1}{\376\377\000S\000o\000c\000i\000a\000l\000\040\000I\000n\000s\000u\000r\000a\000n\000c\000e\000\040\000N\000u\000m\000b\000e\000r\000\040\000\050\000S\000I\000N\000\051}{section.5.4}% 24
\BOOKMARK [1][-]{section.5.5}{\376\377\000S\000t\000a\000t\000i\000s\000t\000i\000c\000s\000\040\000C\000a\000n\000a\000d\000a}{chapter.5}% 25
\BOOKMARK [1][-]{section.5.6}{\376\377\000P\000e\000r\000s\000o\000n\000a\000l\000\040\000P\000r\000i\000v\000a\000c\000y}{chapter.5}% 26
\BOOKMARK [2][-]{subsection.5.6.1}{\376\377\000T\000h\000e\000\040\000P\000r\000i\000v\000a\000c\000y\000\040\000P\000r\000i\000n\000c\000i\000p\000l\000e\000s}{section.5.6}% 27
\BOOKMARK [3][-]{subsubsection*.3}{\376\377\000P\000r\000i\000n\000c\000i\000p\000l\000e\000\040\0001\000.\000\040\000A\000c\000c\000o\000u\000n\000t\000a\000b\000i\000l\000i\000t\000y}{subsection.5.6.1}% 28
\BOOKMARK [3][-]{subsubsection*.4}{\376\377\000P\000r\000i\000n\000c\000i\000p\000l\000e\000\040\0002\000.\000\040\000I\000d\000e\000n\000t\000i\000f\000y\000i\000n\000g\000\040\000P\000u\000r\000p\000o\000s\000e\000s}{subsection.5.6.1}% 29
\BOOKMARK [3][-]{subsubsection*.5}{\376\377\000P\000r\000i\000n\000c\000i\000p\000l\000e\000\040\0003\000.\000\040\000C\000o\000n\000s\000e\000n\000t}{subsection.5.6.1}% 30
\BOOKMARK [3][-]{subsubsection*.6}{\376\377\000P\000r\000i\000n\000c\000i\000p\000l\000e\000\040\0004\000.\000\040\000L\000i\000m\000i\000t\000i\000n\000g\000\040\000C\000o\000l\000l\000e\000c\000t\000i\000o\000n}{subsection.5.6.1}% 31
\BOOKMARK [3][-]{subsubsection*.7}{\376\377\000P\000r\000i\000n\000c\000i\000p\000l\000e\000\040\0005\000.\000\040\000L\000i\000m\000i\000t\000i\000n\000g\000\040\000U\000s\000e\000,\000\040\000D\000i\000s\000c\000l\000o\000s\000u\000r\000e\000,\000\040\000a\000n\000d\000\040\000R\000e\000t\000e\000n\000t\000i\000o\000n}{subsection.5.6.1}% 32
\BOOKMARK [3][-]{subsubsection*.8}{\376\377\000P\000r\000i\000n\000c\000i\000p\000l\000e\000\040\0006\000.\000\040\000A\000c\000c\000u\000r\000a\000c\000y}{subsection.5.6.1}% 33
\BOOKMARK [3][-]{subsubsection*.9}{\376\377\000P\000r\000i\000n\000c\000i\000p\000l\000e\000\040\0007\000.\000\040\000S\000a\000f\000e\000g\000u\000a\000r\000d\000s}{subsection.5.6.1}% 34
\BOOKMARK [3][-]{subsubsection*.10}{\376\377\000P\000r\000i\000n\000c\000i\000p\000l\000e\000\040\0008\000.\000\040\000O\000p\000e\000n\000n\000e\000s\000s}{subsection.5.6.1}% 35
\BOOKMARK [3][-]{subsubsection*.11}{\376\377\000P\000r\000i\000n\000c\000i\000p\000l\000e\000\040\0009\000.\000\040\000I\000n\000d\000i\000v\000i\000d\000u\000a\000l\000\040\000A\000c\000c\000e\000s\000s}{subsection.5.6.1}% 36
\BOOKMARK [3][-]{subsubsection*.12}{\376\377\000P\000r\000i\000n\000c\000i\000p\000l\000e\000\040\0001\0000\000.\000\040\000C\000h\000a\000l\000l\000e\000n\000g\000i\000n\000g\000\040\000C\000o\000m\000p\000l\000i\000a\000n\000c\000e}{subsection.5.6.1}% 37
\BOOKMARK [2][-]{subsection.5.6.2}{\376\377\000P\000I\000P\000E\000D\000A}{section.5.6}% 38
\BOOKMARK [3][-]{subsubsection*.13}{\376\377\000C\000o\000n\000s\000e\000n\000t}{subsection.5.6.2}% 39
\BOOKMARK [3][-]{subsubsection*.14}{\376\377\000E\000x\000c\000e\000p\000t\000i\000o\000n\000s\000\040\000t\000o\000\040\000C\000o\000n\000s\000e\000n\000t\000\040\000R\000e\000q\000u\000i\000r\000e\000m\000e\000n\000t}{subsection.5.6.2}% 40
\BOOKMARK [3][-]{subsubsection*.15}{\376\377\000U\000s\000e\000\040\000a\000n\000d\000\040\000S\000t\000o\000r\000a\000g\000e\000\040\000o\000f\000\040\000P\000e\000r\000s\000o\000n\000a\000l\000\040\000I\000n\000f\000o\000r\000m\000a\000t\000i\000o\000n}{subsection.5.6.2}% 41
\BOOKMARK [3][-]{subsubsection*.16}{\376\377\000L\000i\000m\000i\000t\000a\000t\000i\000o\000n\000s\000\040\000o\000n\000\040\000U\000s\000e\000\040\000-\000\040\000t\000h\000e\000\040\000S\000o\000c\000i\000a\000l\000\040\000I\000n\000s\000u\000r\000a\000n\000c\000e\000\040\000N\000u\000m\000b\000e\000r\000\040\000e\000x\000a\000m\000p\000l\000e}{subsection.5.6.2}% 42
\BOOKMARK [1][-]{section.5.7}{\376\377\000P\000e\000n\000s\000i\000o\000n\000\040\000B\000e\000n\000e\000f\000i\000t\000s\000\040\000S\000t\000a\000n\000d\000a\000r\000d\000s\000\040\000A\000c\000t}{chapter.5}% 43
\BOOKMARK [1][-]{section.5.8}{\376\377\000C\000a\000n\000a\000d\000i\000a\000n\000\040\000H\000u\000m\000a\000n\000\040\000R\000i\000g\000h\000t\000s\000\040\000A\000c\000t}{chapter.5}% 44
\BOOKMARK [1][-]{section.5.9}{\376\377\000E\000m\000p\000l\000o\000y\000m\000e\000n\000t\000\040\000E\000q\000u\000i\000t\000y\000\040\000A\000c\000t}{chapter.5}% 45
\BOOKMARK [1][-]{section.5.10}{\376\377\000S\000u\000m\000m\000a\000r\000y}{chapter.5}% 46
\BOOKMARK [1][-]{section.5.11}{\376\377\000R\000e\000v\000i\000e\000w\000\040\000Q\000u\000e\000s\000t\000i\000o\000n\000s}{chapter.5}% 47
\BOOKMARK [0][-]{chapter.6}{\376\377\000E\000M\000P\000L\000O\000Y\000E\000E\000\040\000v\000s\000.\000\040\000I\000N\000D\000E\000P\000E\000N\000D\000E\000N\000T\000\040\000C\000O\000N\000T\000R\000A\000C\000T\000O\000R}{}% 48
\BOOKMARK [1][-]{section.6.1}{\376\377\000T\000h\000e\000\040\000E\000m\000p\000l\000o\000y\000e\000e\000-\000E\000m\000p\000l\000o\000y\000e\000r\000\040\000R\000e\000l\000a\000t\000i\000o\000n\000s\000h\000i\000p}{chapter.6}% 49
\BOOKMARK [2][-]{subsection.6.1.1}{\376\377\000C\000o\000n\000t\000r\000a\000c\000t\000\040\000o\000f\000\040\000S\000e\000r\000v\000i\000c\000e\000\040\000\050\000E\000m\000p\000l\000o\000y\000m\000e\000n\000t\000\051}{section.6.1}% 50
\BOOKMARK [2][-]{subsection.6.1.2}{\376\377\000C\000o\000n\000t\000r\000a\000c\000t\000\040\000f\000o\000r\000\040\000S\000e\000r\000v\000i\000c\000e\000\040\000\050\000S\000u\000b\000c\000o\000n\000t\000r\000a\000c\000t\000i\000n\000g\000\051}{section.6.1}% 51
\BOOKMARK [1][-]{section.6.2}{\376\377\000F\000a\000c\000t\000o\000r\000s\000\040\000D\000e\000t\000e\000r\000m\000i\000n\000i\000n\000g\000\040\000t\000h\000e\000\040\000T\000y\000p\000e\000\040\000o\000f\000\040\000C\000o\000n\000t\000r\000a\000c\000t}{chapter.6}% 52
\BOOKMARK [2][-]{subsection.6.2.1}{\376\377\000C\000o\000n\000t\000r\000o\000l}{section.6.2}% 53
\BOOKMARK [2][-]{subsection.6.2.2}{\376\377\000T\000o\000o\000l\000s\000\040\000a\000n\000d\000\040\000E\000q\000u\000i\000p\000m\000e\000n\000t}{section.6.2}% 54
\BOOKMARK [2][-]{subsection.6.2.3}{\376\377\000S\000u\000b\000c\000o\000n\000t\000r\000a\000c\000t\000i\000n\000g\000\040\000W\000o\000r\000k\000\040\000o\000r\000\040\000H\000i\000r\000i\000n\000g\000\040\000A\000s\000s\000i\000s\000t\000a\000n\000t\000s}{section.6.2}% 55
\BOOKMARK [2][-]{subsection.6.2.4}{\376\377\000F\000i\000n\000a\000n\000c\000i\000a\000l\000\040\000R\000i\000s\000k}{section.6.2}% 56
\BOOKMARK [2][-]{subsection.6.2.5}{\376\377\000R\000e\000s\000p\000o\000n\000s\000i\000b\000i\000l\000i\000t\000y\000\040\000f\000o\000r\000\040\000I\000n\000v\000e\000s\000t\000m\000e\000n\000t\000\040\000a\000n\000d\000\040\000M\000a\000n\000a\000g\000e\000m\000e\000n\000t}{section.6.2}% 57
\BOOKMARK [2][-]{subsection.6.2.6}{\376\377\000O\000p\000p\000o\000r\000t\000u\000n\000i\000t\000y\000\040\000f\000o\000r\000\040\000P\000r\000o\000f\000i\000t}{section.6.2}% 58
\BOOKMARK [1][-]{section.6.3}{\376\377\000R\000e\000v\000i\000e\000w\000\040\000S\000u\000m\000m\000a\000r\000y}{chapter.6}% 59
\BOOKMARK [1][-]{section.6.4}{\376\377\000R\000e\000v\000i\000e\000w\000\040\000Q\000u\000e\000s\000t\000i\000o\000n\000s}{chapter.6}% 60
\BOOKMARK [0][-]{chapter.7}{\376\377\000C\000a\000n\000a\000d\000a\000\040\000P\000e\000n\000s\000i\000o\000n\000\040\000P\000l\000a\000n}{}% 61
\BOOKMARK [1][-]{section.7.1}{\376\377\000W\000h\000o\000\040\000M\000u\000s\000t\000\040\000C\000o\000n\000t\000r\000i\000b\000u\000t\000e\000\040\000t\000o\000\040\000t\000h\000e\000\040\000C\000a\000n\000a\000d\000a\000\040\000P\000e\000n\000s\000i\000o\000n\000\040\000P\000l\000a\000n}{chapter.7}% 62
\BOOKMARK [0][-]{chapter.8}{\376\377\000E\000m\000p\000l\000o\000y\000m\000e\000n\000t\000\040\000I\000n\000s\000u\000r\000a\000n\000c\000e}{}% 63
\BOOKMARK [0][-]{chapter.9}{\376\377\000R\000e\000c\000o\000r\000d\000\040\000o\000f\000\040\000E\000m\000p\000l\000o\000y\000m\000e\000n\000t}{}% 64
\BOOKMARK [0][-]{chapter.10}{\376\377\000C\000A\000L\000C\000U\000L\000A\000T\000I\000N\000G\000\040\000N\000E\000T\000\040\000E\000A\000R\000N\000I\000N\000G\000S}{}% 65
\BOOKMARK [1][-]{section.10.1}{\376\377\000E\000m\000p\000l\000o\000y\000m\000e\000n\000t\000\040\000I\000n\000c\000o\000m\000e}{chapter.10}% 66
\BOOKMARK [1][-]{section.10.2}{\376\377\000A\000l\000l\000o\000w\000a\000n\000c\000e\000s}{chapter.10}% 67
\BOOKMARK [1][-]{section.10.3}{\376\377\000E\000x\000p\000e\000n\000s\000e\000s}{chapter.10}% 68
\BOOKMARK [1][-]{section.10.4}{\376\377\000B\000e\000n\000e\000f\000i\000t\000s}{chapter.10}% 69
\BOOKMARK [0][-]{chapter.11}{\376\377\000O\000B\000N\000O\000A\000R\000D\000I\000N\000G\000\040\000E\000M\000P\000L\000O\000Y\000E\000E}{}% 70
\BOOKMARK [1][-]{section.11.1}{\376\377\000I\000n\000t\000e\000r\000n\000a\000l\000\040\000F\000o\000r\000m\000s}{chapter.11}% 71
\BOOKMARK [2][-]{subsection.11.1.1}{\376\377\000A\000u\000t\000h\000o\000r\000i\000z\000a\000t\000i\000o\000n\000\040\000f\000o\000r\000\040\000H\000i\000r\000i\000n\000g}{section.11.1}% 72
\BOOKMARK [2][-]{subsection.11.1.2}{\376\377\000U\000n\000i\000o\000n\000\040\000M\000e\000m\000b\000e\000r\000s\000h\000i\000p}{section.11.1}% 73
\BOOKMARK [2][-]{subsection.11.1.3}{\376\377\000B\000e\000n\000e\000f\000i\000t\000\040\000E\000n\000r\000o\000l\000l\000m\000e\000n\000t\000\040\000F\000o\000r\000m\000s}{section.11.1}% 74
\BOOKMARK [2][-]{subsection.11.1.4}{\376\377\000C\000o\000n\000f\000i\000d\000e\000n\000t\000i\000a\000l\000i\000t\000y\000\040\000A\000g\000r\000e\000e\000m\000e\000n\000t}{section.11.1}% 75
\BOOKMARK [1][-]{section.11.2}{\376\377\000R\000e\000q\000u\000i\000r\000e\000d\000\040\000F\000e\000d\000e\000r\000a\000l\000\040\000a\000n\000d\000\040\000P\000r\000o\000v\000i\000n\000c\000i\000a\000l\000/\000T\000e\000r\000r\000i\000t\000o\000r\000i\000a\000l\000\040\000F\000o\000r\000m\000s}{chapter.11}% 76
\BOOKMARK [2][-]{subsection.11.2.1}{\376\377\000T\000a\000x\000\040\000C\000r\000e\000d\000i\000t\000s\000\040\000\050\000T\000D\0001\000\051}{section.11.2}% 77
\BOOKMARK [2][-]{subsection.11.2.2}{\376\377\000T\000a\000x\000\040\000C\000r\000e\000d\000i\000t\000s\000\040\000\050\000T\000P\000-\0001\0000\0001\0005\000.\0003\000-\000V\000\040\000-\000\040\000Q\000u\000\351\000b\000e\000c\000\051}{section.11.2}% 78
\BOOKMARK [1][-]{section.11.3}{\376\377\000E\000n\000t\000e\000r\000i\000n\000g\000\040\000E\000m\000p\000l\000o\000y\000e\000e\000\040\000I\000n\000f\000o\000r\000m\000a\000t\000i\000o\000n\000\040\000i\000n\000t\000o\000\040\000S\000a\000g\000e\0005\0000}{chapter.11}% 79
\BOOKMARK [2][-]{subsection.11.3.1}{\376\377\000R\000e\000v\000i\000e\000w\000\040\000Q\000u\000e\000s\000t\000i\000o\000n\000s}{section.11.3}% 80
\BOOKMARK [1][-]{section.11.4}{\376\377\000C\000o\000n\000t\000e\000n\000t\000\040\000R\000e\000v\000i\000e\000w\000\040\000H\000i\000g\000h\000l\000i\000g\000h\000t\000s}{chapter.11}% 81
\BOOKMARK [1][-]{section.11.5}{\376\377\000R\000e\000v\000i\000e\000w\000\040\000Q\000u\000e\000s\000t\000i\000o\000n\000s\000\040\000\050\000S\000a\000m\000p\000l\000e\000\051}{chapter.11}% 82
\BOOKMARK [1][-]{section.11.6}{\376\377\000E\000x\000a\000m\000p\000l\000e\000\040\000E\000v\000a\000l\000u\000a\000t\000i\000o\000n\000s}{chapter.11}% 83
\BOOKMARK [0][-]{chapter.12}{\376\377\000P\000a\000y\000r\000o\000l\000l\000\040\000A\000c\000c\000o\000u\000n\000t\000i\000n\000g}{}% 84
\BOOKMARK [1][-]{section.12.1}{\376\377\000J\000o\000u\000r\000n\000a\000l\000\040\000E\000n\000t\000r\000i\000e\000s}{chapter.12}% 85
\BOOKMARK [2][-]{subsection.12.1.1}{\376\377\000A\000c\000c\000o\000u\000n\000t\000i\000n\000g\000\040\000R\000e\000c\000a\000p}{section.12.1}% 86
\BOOKMARK [2][-]{subsection.12.1.2}{\376\377\000J\000o\000u\000r\000n\000a\000l\000\040\000E\000n\000t\000r\000i\000e\000s}{section.12.1}% 87
\BOOKMARK [0][-]{chapter.13}{\376\377\000R\000E\000V\000I\000E\000W\000\040\000Q\000U\000E\000S\000T\000I\000O\000N\000S}{}% 88
\BOOKMARK [1][-]{section.13.1}{\376\377\000N\000e\000w\000\040\000E\000m\000p\000l\000o\000y\000e\000e\000\040\000I\000n\000f\000o\000r\000m\000a\000t\000i\000o\000n}{chapter.13}% 89
\BOOKMARK [0][-]{chapter.14}{\376\377\000T\000E\000R\000M\000I\000N\000O\000L\000O\000G\000Y}{}% 90
\BOOKMARK [1][-]{section.14.1}{\376\377\000P\000e\000n\000s\000i\000o\000n\000a\000b\000l\000e\000\040\000E\000a\000r\000n\000i\000n\000g\000s}{chapter.14}% 91
\BOOKMARK [1][-]{section.14.2}{\376\377\000I\000n\000s\000u\000r\000a\000b\000l\000e\000\040\000E\000a\000r\000n\000i\000n\000g\000s}{chapter.14}% 92
\BOOKMARK [0][-]{chapter.15}{\376\377\000R\000A\000T\000E\000S\000\040\000F\000O\000R\000\040\0002\0000\0002\0005}{}% 93
\BOOKMARK [1][-]{section.15.1}{\376\377\000C\000A\000N\000A\000D\000A\000\040\000/\000\040\000Q\000U\000E\000B\000E\000C\000\040\000P\000E\000N\000S\000I\000O\000N\000\040\000P\000L\000A\000N\000\040\000\050\000C\000P\000P\000\040\000/\000\040\000Q\000P\000P\000\051}{chapter.15}% 94
\BOOKMARK [1][-]{section.15.2}{\376\377\000C\000P\000P\0002\000\040\000C\000O\000N\000T\000R\000I\000B\000U\000T\000I\000O\000N\000\040\000R\000A\000T\000E\000S\000\040\000M\000A\000X\000I\000M\000U\000M\000S}{chapter.15}% 95
\BOOKMARK [0][-]{chapter.16}{\376\377\000R\000E\000F\000E\000R\000E\000N\000C\000E\000S}{}% 96
\BOOKMARK [0][-]{chapter.17}{\376\377\000E\000r\000r\000o\000r\000s\000\040\000a\000n\000d\000\040\000E\000r\000r\000a\000t\000a}{}% 97
\BOOKMARK [0][-]{chapter.18}{\376\377\000G\000l\000o\000s\000s\000a\000r\000y}{}% 98
